<?xml version="1.0" encoding="UTF-8"?>
<!-- Generated by org.testng.reporters.JUnitReportReporter -->
<testsuite hostname="Abdulraheem" failures="0" tests="4" name="databaseProject.DataTest" time="4.260" errors="0" timestamp="2024-08-26T19:53:47 EET" skipped="0">
  <testcase classname="databaseProject.DataTest" name="AdddataToThedataBase" time="0.017"/>
  <system-out/>
  <testcase classname="databaseProject.DataTest" name="updateData" time="0.004"/>
  <system-out/>
  <testcase classname="databaseProject.DataTest" name="myFirstTestToGetData" time="4.235"/>
  <system-out/>
  <testcase classname="databaseProject.DataTest" name="DeleteData" time="0.004"/>
  <system-out/>
</testsuite> <!-- databaseProject.DataTest -->
